2020-10-26 14:00:33,751 INFO Running..
Running..
Running
Running
Running
CSV generated at/Users/ar46/PycharmProjects/CatalogBuilder/intakebuilder/test/intake_local.csv
Running
CSV generated at/Users/ar46/PycharmProjects/CatalogBuilder/intakebuilder/test/intake_local.csv
Running
CSV generated at/Users/ar46/PycharmProjects/CatalogBuilder/intakebuilder/test/intake_local.csv
Running
CSV generated at/Users/ar46/PycharmProjects/CatalogBuilder/intakebuilder/test/intake_local.csv
Running
CSV generated at/Users/ar46/PycharmProjects/CatalogBuilder/intakebuilder/test/intake_local.csv
Running
CSV generated at/Users/ar46/PycharmProjects/CatalogBuilder/intakebuilder/test/intake_local.csv
Running
CSV generated at/Users/ar46/PycharmProjects/CatalogBuilder/intakebuilder/test/intake_local.csv
Running
Running
rlut_Amon_GFDL-ESM4_histSST_r1i1p1f1_gr1_185001-194912.nc
rlut_Amon_GFDL-ESM4_histSST_r1i1p1f1_gr1_195001-201412.nc
CSV generated at/Users/ar46/PycharmProjects/CatalogBuilder/intakebuilder/test/intake_local.csv
